     1                                  ; Will Baglivio
     2                                  ; Program 2 - Adding Integers
     3                                  ; 9/11/20
     4                                  
     5                                  SECTION .data
     6                                  
     7                                  SECTION .bss
     8                                  
     9                                  SECTION .text
    10                                  global _main
    11                                  _main:
    12                                  
    13                                  ; Problem 1
    14 00000000 66B8BACD                mov ax, 0CDBAh
    15 00000004 66BBABCD                mov bx, 0CDABh
    16 00000008 6601D8                  add ax, bx
    17                                  
    18                                  ; Problem 2
    19 0000000B 66B8CDAB                mov ax, 0ABCDh
    20 0000000F 66BBCDAB                mov bx, 0ABCDh
    21 00000013 6601D8                  add ax, bx
    22                                  
    23                                  ; Problem 3
    24 00000016 66B8FAFA                mov ax, 0FAFAh
    25 0000001A 66BB0505                mov bx, 0505h
    26 0000001E 6601D8                  add ax, bx
    27                                  
    28                                  ; Problem 4
    29 00000021 66B8F0F0                mov ax, 0F0F0h
    30 00000025 66BB00FF                mov bx, 0FF00h
    31 00000029 6601D8                  add ax, bx
    32                                  
    33                                  ; Problem 5
    34 0000002C 66B868D4                mov ax, 0D468h
    35 00000030 66BB982B                mov bx, 2B98h
    36 00000034 6601D8                  add ax, bx
    37                                  
    38                                  ; Problem 6
    39 00000037 66B80F70                mov ax, 700Fh
    40 0000003B 66BBF10F                mov bx, 0FF1h
    41 0000003F 6601D8                  add ax, bx
    42                                  
    43                                  ; Problem 7
    44 00000042 66B83412                mov ax, 1234h
    45 00000046 66BB5476                mov bx, 7654h
    46 0000004A 6601D8                  add ax, bx
    47                                  
    48                                  ; Problem 8
    49 0000004D 66B80B0B                mov ax, 0B0Bh
    50 00000051 66BB1EA1                mov bx, 0A11Eh
    51 00000055 6601D8                  add ax, bx
    52                                  
    53                                  ; Problem 9
    54 00000058 66B85476                mov ax, 7654h
    55 0000005C 66BB9A78                mov bx, 789Ah
    56 00000060 6601D8                  add ax, bx
    57                                  
    58                                  ; Problem 10
    59 00000063 66B80080                mov ax, 8000h
    60 00000067 66BB0080                mov bx, 8000h
    61 0000006B 6601D8                  add ax, bx
    62                                  
    63                                  ; Normal termination code
    64 0000006E B801000000              mov eax, 1
    65 00000073 BB00000000              mov ebx, 0
    66 00000078 CD80                    int 80h
