     1                                  ; Will Baglivio
     2                                  ; Data Storage Program
     3                                  ; Date: 9/11/20
     4                                  
     5                                  SECTION .data
     6 00000000 0B                      a1:	DB	11
     7 00000001 0300                    b1:	DW	11b
     8 00000003 11000000                c1:	DD	11h
     9 00000007 0900000000000000        d1:	DQ	11q
    10 0000000F FBFF                    e1:	DW	-5
    11 00000011 435343333232            f1:	DB	'CSC322'
    12                                  
    13 00000017 0504030201              a2:	DB	5,4,3,2,1
    14 0000001C 010002000300040005-     b2:	DW	1,2,3,4,5
    15 00000025 00                 
    16 00000026 0A0000000B0000000C-     c2:	DD	10,11,12,13
    17 0000002F 0000000D000000     
    18 00000036 100000000000000011-     d2:	DQ	10h,11h,12h,13h
    19 0000003F 000000000000001200-
    20 00000048 000000000000130000-
    21 00000051 0000000000         
    22                                  
    23 00000056 FB                      a3:	DB	-5
    24 00000057 F6FF                    b3:	DW	-10
    25 00000059 F1                      c3:	DB	-15
    26 0000005A ECFF                    d3:	DW	-20
    27 0000005C E7                      e3:	DB	-25
    28                                  
    29 0000005D 4D6572636572            a4:	DB	'Mercer'
    30 00000063 0A                      b4:	DB	10
    31 00000064 00                      c4:	DB	0
    32 00000065 476F20                  d4:	DB	'Go '
    33 00000068 426561727321            e4:	DB	'Bears!'
    34                                  
    35 0000006E 6400                    a5:	DW	100
    36 00000070 00010000                b5:	DD	100h
    37 00000074 04                      c5:	DB	100b
    38 00000075 4000                    d5:	DW	100q
    39 00000077 64000000                e5:	DD	100d
    40                                  
    41                                  SECTION .bss
    42                                  ; define uninitialized data here
    43                                  
    44                                  SECTION .text
    45                                  global _main
    46                                  _main:
    47                                  
    48                                  
    49                                  ; Normal termination code
    50 00000000 B801000000              mov eax, 1
    51 00000005 BB00000000              mov ebx, 0
    52 0000000A CD80                    int 80h
