     1                                  ; Will Baglivio
     2                                  ; CSC 322 Fall 2020 (9/29/20)
     3                                  ; Program 4 - Fibonacci Sequence
     4                                  ; This program calculates and stores
     5                                  ; the first 16 numbers in the Fibonacci Sequence.
     6                                  
     7                                  SECTION .data
     8                                  
     9                                  SECTION .bss
    10 00000000 <res 00000040>          Fibs:	RESD 16
    11                                  
    12                                  SECTION .text
    13                                  global _main
    14                                  _main:
    15                                  
    16                                  ; First 2 Fibonacci numbers
    17 00000000 BB00000000              mov ebx, 0
    18 00000005 891D[00000000]          mov [Fibs],ebx
    19 0000000B BB01000000              mov ebx,1
    20 00000010 891D[04000000]          mov [Fibs+4],ebx
    21                                  
    22                                  ; Calculate last 14
    23 00000016 BB[00000000]            mov ebx, Fibs
    24 0000001B A1[00000000]            mov eax, [Fibs]
    25 00000020 83C304                  add ebx, 4
    26 00000023 0303                    add eax, [ebx]
    27 00000025 83C304                  add ebx, 4
    28 00000028 8903                    mov [ebx], eax
    29                                  
    30 0000002A 83EB04                  sub ebx, 4
    31 0000002D 8B03                    mov eax, [ebx]
    32 0000002F 83C304                  add ebx, 4
    33 00000032 0303                    add eax, [ebx]
    34 00000034 83C304                  add ebx, 4
    35 00000037 8903                    mov [ebx], eax
    36                                  
    37 00000039 83EB04                  sub ebx, 4
    38 0000003C 8B03                    mov eax, [ebx]
    39 0000003E 83C304                  add ebx, 4
    40 00000041 0303                    add eax, [ebx]
    41 00000043 83C304                  add ebx, 4
    42 00000046 8903                    mov [ebx], eax
    43                                  
    44 00000048 83EB04                  sub ebx, 4
    45 0000004B 8B03                    mov eax, [ebx]
    46 0000004D 83C304                  add ebx, 4
    47 00000050 0303                    add eax, [ebx]
    48 00000052 83C304                  add ebx, 4
    49 00000055 8903                    mov [ebx], eax
    50                                  
    51 00000057 83EB04                  sub ebx, 4
    52 0000005A 8B03                    mov eax, [ebx]
    53 0000005C 83C304                  add ebx, 4
    54 0000005F 0303                    add eax, [ebx]
    55 00000061 83C304                  add ebx, 4
    56 00000064 8903                    mov [ebx], eax
    57                                  
    58 00000066 83EB04                  sub ebx, 4
    59 00000069 8B03                    mov eax, [ebx]
    60 0000006B 83C304                  add ebx, 4
    61 0000006E 0303                    add eax, [ebx]
    62 00000070 83C304                  add ebx, 4
    63 00000073 8903                    mov [ebx], eax
    64                                  
    65 00000075 83EB04                  sub ebx, 4
    66 00000078 8B03                    mov eax, [ebx]
    67 0000007A 83C304                  add ebx, 4
    68 0000007D 0303                    add eax, [ebx]
    69 0000007F 83C304                  add ebx, 4
    70 00000082 8903                    mov [ebx], eax
    71                                  
    72 00000084 83EB04                  sub ebx, 4
    73 00000087 8B03                    mov eax, [ebx]
    74 00000089 83C304                  add ebx, 4
    75 0000008C 0303                    add eax, [ebx]
    76 0000008E 83C304                  add ebx, 4
    77 00000091 8903                    mov [ebx], eax
    78                                  
    79 00000093 83EB04                  sub ebx, 4
    80 00000096 8B03                    mov eax, [ebx]
    81 00000098 83C304                  add ebx, 4
    82 0000009B 0303                    add eax, [ebx]
    83 0000009D 83C304                  add ebx, 4
    84 000000A0 8903                    mov [ebx], eax
    85                                  
    86 000000A2 83EB04                  sub ebx, 4
    87 000000A5 8B03                    mov eax, [ebx]
    88 000000A7 83C304                  add ebx, 4
    89 000000AA 0303                    add eax, [ebx]
    90 000000AC 83C304                  add ebx, 4
    91 000000AF 8903                    mov [ebx], eax
    92                                  
    93 000000B1 83EB04                  sub ebx, 4
    94 000000B4 8B03                    mov eax, [ebx]
    95 000000B6 83C304                  add ebx, 4
    96 000000B9 0303                    add eax, [ebx]
    97 000000BB 83C304                  add ebx, 4
    98 000000BE 8903                    mov [ebx], eax
    99                                  
   100 000000C0 83EB04                  sub ebx, 4
   101 000000C3 8B03                    mov eax, [ebx]
   102 000000C5 83C304                  add ebx, 4
   103 000000C8 0303                    add eax, [ebx]
   104 000000CA 83C304                  add ebx, 4
   105 000000CD 8903                    mov [ebx], eax
   106                                  
   107 000000CF 83EB04                  sub ebx, 4
   108 000000D2 8B03                    mov eax, [ebx]
   109 000000D4 83C304                  add ebx, 4
   110 000000D7 0303                    add eax, [ebx]
   111 000000D9 83C304                  add ebx, 4
   112 000000DC 8903                    mov [ebx], eax
   113                                  
   114 000000DE 83EB04                  sub ebx, 4
   115 000000E1 8B03                    mov eax, [ebx]
   116 000000E3 83C304                  add ebx, 4
   117 000000E6 0303                    add eax, [ebx]
   118 000000E8 83C304                  add ebx, 4
   119 000000EB 8903                    mov [ebx], eax
   120                                  
   121                                  done:
   122                                  
   123                                  ; Normal termination code
   124 000000ED B801000000              mov eax, 1
   125 000000F2 BB00000000              mov ebx, 0
   126 000000F7 CD80                    int 80h
